<?xml version="1.0" encoding="UTF-8"?><testsuite name="nosetests" tests="50" errors="0" failures="0" skip="0"><testcase classname="app.tests.tests_controller_consultabasica_periodo.Test_Periodo" name="test_consulta_ocorrencias_por_periodo" time="0.000"><system-err><![CDATA[Teste de consulta ocorrencias por periodo ----------------------Done
]]></system-err></testcase><testcase classname="app.tests.tests_controller_consultabasica_periodo.Test_Periodo" name="test_consulta_por_periodo" time="0.025"><system-err><![CDATA[Teste de consulta por periodo ----------------------------------Done
]]></system-err></testcase><testcase classname="app.tests.tests_controller_consultabasica_regiao.Test_Regiao" name="test_consulta_municipios_na_regiao" time="0.899"><system-err><![CDATA[Teste de consulta municipios na regiao -------------------------Done
]]></system-err></testcase><testcase classname="app.tests.tests_controller_consultabasica_regiao.Test_Regiao" name="test_consulta_ocorrencias_por_municipio" time="0.004"><system-err><![CDATA[Teste de consulta ocorrencias por municipio --------------------Done
]]></system-err></testcase><testcase classname="app.tests.tests_controller_consultabasica_regiao.Test_Regiao" name="test_consulta_por_regiao" time="0.014"><system-err><![CDATA[Teste de consulta por regiao -----------------------------------Done
]]></system-err></testcase><testcase classname="app.tests.tests_controller_estatistica_envolvidos.Test_Envolvidos" name="test_ocorrencias_e_envolvidos" time="0.020"><system-err><![CDATA[Teste de ocorrencias e envolvidos ------------------------------Done
]]></system-err></testcase><testcase classname="app.tests.tests_controller_estatistica_sexo.Test_Sexo" name="test_acidentes_sexo" time="0.012"><system-err><![CDATA[Teste de acidentes sexo ----------------------------------------Done
]]></system-err></testcase><testcase classname="app.tests.tests_controller_estatistica_tipocausa.TestTipoCausa" name="test_causas_acidentes" time="0.046"><system-err><![CDATA[Teste de causas acidentes --------------------------------------Done
]]></system-err></testcase><testcase classname="app.tests.tests_controller_index.TestControllerIndex" name="test_index" time="0.004"><system-err><![CDATA[Teste de index -------------------------------------------------]]></system-err></testcase><testcase classname="app.tests.tests_controller_index.TestControllerIndex" name="test_render_to_response" time="0.004"><system-err><![CDATA[Teste de render to response ------------------------------------]]></system-err></testcase><testcase classname="app.tests.tests_dao.TestDAO" name="test_existing_dao_instance" time="0.001"><system-err><![CDATA[Teste de existing dao instance ---------------------------------Done
]]></system-err></testcase><testcase classname="app.tests.tests_dao.TestDAO" name="test_get_conexao" time="1.432"><system-err><![CDATA[Teste de get conexao -------------------------------------------Done
]]></system-err></testcase><testcase classname="app.tests.tests_dao.TestDAO" name="test_instancia_objetos" time="0.002"><system-err><![CDATA[Teste de instancia objetos -------------------------------------Done
]]></system-err></testcase><testcase classname="app.tests.tests_dao.TestDAO" name="test_transforma_objeto" time="0.008"><system-err><![CDATA[Teste de transforma objeto -------------------------------------Done
]]></system-err></testcase><testcase classname="app.tests.tests_dao.TestDAO" name="test_try_query" time="0.005"><system-out><![CDATA[Error on sql show * from jik;
]]></system-out><system-err><![CDATA[Teste de try query ---------------------------------------------Done
]]></system-err></testcase><testcase classname="app.tests.tests_dao_UF.TestUF" name="test_existing_uf_dao_instance" time="0.002"><system-err><![CDATA[Teste de existing uf dao instance ------------------------------Done
]]></system-err></testcase><testcase classname="app.tests.tests_dao_UF.TestUF" name="test_list_uf" time="0.009"><system-err><![CDATA[Teste de list uf -----------------------------------------------Done
]]></system-err></testcase><testcase classname="app.tests.tests_dao_br_acidentes.Test_BR_Acidentes" name="test_acidentes_br_ano" time="0.008"><system-err><![CDATA[Teste de acidentes br ano --------------------------------------Done
]]></system-err></testcase><testcase classname="app.tests.tests_dao_br_acidentes.Test_BR_Acidentes" name="test_acidentes_br_geral" time="0.006"><system-err><![CDATA[Teste de acidentes br geral ------------------------------------Done
]]></system-err></testcase><testcase classname="app.tests.tests_dao_br_acidentes.Test_BR_Acidentes" name="test_br_acidentes" time="0.002"><system-err><![CDATA[Teste de br acidentes ------------------------------------------Done
]]></system-err></testcase><testcase classname="app.tests.tests_dao_causas_acidentes.TestCausasAcidentes" name="test_causas_acidentes" time="0.006"><system-err><![CDATA[Teste de causas acidentes --------------------------------------Done
]]></system-err></testcase><testcase classname="app.tests.tests_dao_causas_acidentes.TestCausasAcidentes" name="test_causas_acidentes_ano" time="0.006"><system-err><![CDATA[Teste de causas acidentes ano ----------------------------------Done
]]></system-err></testcase><testcase classname="app.tests.tests_dao_causas_acidentes.TestCausasAcidentes" name="test_media_desvio_causas_acidentes" time="0.010"><system-err><![CDATA[Teste de media desvio causas acidentes -------------------------Done
]]></system-err></testcase><testcase classname="app.tests.tests_dao_causas_acidentes.TestCausasAcidentes" name="test_probabilidade_causas_acidentes" time="0.012"><system-err><![CDATA[Teste de probabilidade causas acidentes ------------------------Done
]]></system-err></testcase><testcase classname="app.tests.tests_dao_envolvidosacidentes.TestEnvolvidosAcidentes" name="test_envolvidos_acidentes" time="0.005"><system-err><![CDATA[Teste de envolvidos acidentes ----------------------------------Done
]]></system-err></testcase><testcase classname="app.tests.tests_dao_envolvidosacidentes.TestEnvolvidosAcidentes" name="test_media_desvio_envolvidos" time="0.002"><system-err><![CDATA[Teste de media desvio envolvidos -------------------------------Done
]]></system-err></testcase><testcase classname="app.tests.tests_dao_estatistica_pessoas.Test_Estatistica_Pessoa" name="test_acidentes_por_sexo" time="0.001"><system-err><![CDATA[Teste de acidentes por sexo ------------------------------------Done
]]></system-err></testcase><testcase classname="app.tests.tests_dao_estatistica_pessoas.Test_Estatistica_Pessoa" name="test_instancia_estatistica_pessoa" time="0.001"><system-err><![CDATA[Teste de instancia estatistica pessoa --------------------------Done
]]></system-err></testcase><testcase classname="app.tests.tests_dao_municipio.TestMunicipio" name="test_existing_municipio_dao_instance" time="0.002"><system-err><![CDATA[Teste de existing municipio dao instance -----------------------Done
]]></system-err></testcase><testcase classname="app.tests.tests_dao_municipio.TestMunicipio" name="test_list_municipio" time="1.713"><system-err><![CDATA[Teste de list municipio ----------------------------------------Done
]]></system-err></testcase><testcase classname="app.tests.tests_dao_ocorrencia.TestOcorrencia" name="test_existing_ocorrencia_dao_instance" time="0.002"><system-err><![CDATA[Teste de existing ocorrencia dao instance ----------------------Done
]]></system-err></testcase><testcase classname="app.tests.tests_dao_ocorrencia.TestOcorrencia" name="test_ocorrencia_por_periodo" time="0.527"><system-err><![CDATA[Teste de ocorrencia por periodo --------------------------------Done
]]></system-err></testcase><testcase classname="app.tests.tests_dao_ocorrencia.TestOcorrencia" name="test_ocorrencia_por_regiao" time="1.330"><system-err><![CDATA[Teste de ocorrencia por regiao ---------------------------------Done
]]></system-err></testcase><testcase classname="app.tests.tests_dao_tiposacidentes.TestTiposAcidentes" name="test_media_desvio_tipos_acidentes" time="0.011"><system-err><![CDATA[Teste de media desvio tipos acidentes --------------------------Done
]]></system-err></testcase><testcase classname="app.tests.tests_dao_tiposacidentes.TestTiposAcidentes" name="test_probabilidade_tipos_acidentes" time="0.023"><system-err><![CDATA[Teste de probabilidade tipos acidentes -------------------------Done
]]></system-err></testcase><testcase classname="app.tests.tests_dao_tiposacidentes.TestTiposAcidentes" name="test_tipos_acidentes" time="0.005"><system-err><![CDATA[Teste de tipos acidentes ---------------------------------------Done
]]></system-err></testcase><testcase classname="app.tests.tests_dao_tiposacidentes.TestTiposAcidentes" name="test_tipos_acidentes_ano" time="0.007"><system-err><![CDATA[Teste de tipos acidentes ano -----------------------------------Done
]]></system-err></testcase><testcase classname="app.tests.tests_dao_uf_acidentes.Test_UF_Acidentes" name="test_acidentes_uf_ano" time="0.008"><system-err><![CDATA[Teste de acidentes uf ano --------------------------------------Done
]]></system-err></testcase><testcase classname="app.tests.tests_dao_uf_acidentes.Test_UF_Acidentes" name="test_acidentes_uf_geral" time="0.004"><system-err><![CDATA[Teste de acidentes uf geral ------------------------------------Done
]]></system-err></testcase><testcase classname="app.tests.tests_dao_uf_acidentes.Test_UF_Acidentes" name="test_uf_acidentes" time="0.001"><system-err><![CDATA[Teste de uf acidentes ------------------------------------------Done
]]></system-err></testcase><testcase classname="tests_acidentes_rodovias_periodo.AcidentesRodoviasPeriodoTestCase" name="test_date_periodo_invalido" time="6.452"><system-err><![CDATA[Teste de Interface [periodo]: date periodo invalido ------------Done
]]></system-err></testcase><testcase classname="tests_acidentes_rodovias_periodo.AcidentesRodoviasPeriodoTestCase" name="test_date_periodo_valido" time="9.223"><system-err><![CDATA[Teste de Interface [periodo]: date periodo valido --------------Done
]]></system-err></testcase><testcase classname="tests_acidentes_rodovias_periodo.AcidentesRodoviasPeriodoTestCase" name="test_pagetitle" time="5.238"><system-err><![CDATA[Teste de Interface [periodo]: pagetitle ------------------------Done
]]></system-err></testcase><testcase classname="tests_acidentes_rodovias_periodo.AcidentesRodoviasPeriodoTestCase" name="test_verifica_periodo" time="23.808"><system-err><![CDATA[Teste de Interface [periodo]: verifica periodo -----------------Done
]]></system-err></testcase><testcase classname="tests_acidentes_rodovias_regiao.AcidentesRodoviasRegiaoTestCase" name="test_estados_select" time="5.798"><system-err><![CDATA[Teste de Interface [região]: estados select --------------------Done
]]></system-err></testcase><testcase classname="tests_acidentes_rodovias_regiao.AcidentesRodoviasRegiaoTestCase" name="test_municipios_acre" time="6.744"><system-err><![CDATA[Teste de Interface [região]: municipios acre -------------------Done
]]></system-err></testcase><testcase classname="tests_acidentes_rodovias_regiao.AcidentesRodoviasRegiaoTestCase" name="test_ocorrencias_acrelandia" time="5.278"><system-err><![CDATA[Teste de Interface [região]: ocorrencias acrelandia ------------Done
]]></system-err></testcase><testcase classname="tests_acidentes_rodovias_regiao.AcidentesRodoviasRegiaoTestCase" name="test_pagetitle" time="5.347"><system-err><![CDATA[Teste de Interface [região]: pagetitle -------------------------Done
]]></system-err></testcase><testcase classname="app.tests.tests_util_validacao.Test_Valida" name="test_valida_caracteres" time="0.002"><system-err><![CDATA[Teste de valida caracteres -------------------------------------Done
]]></system-err></testcase><testcase classname="app.tests.tests_util_validacao.Test_Valida" name="test_valida_data" time="0.001"><system-err><![CDATA[Teste de valida data -------------------------------------------Done
]]></system-err></testcase></testsuite>